Traceback (most recent call last):
  File "/home/arc/miniconda3/envs/real-valued-acs-system/lib/python3.9/site-packages/jupyter_cache/executors/utils.py", line 51, in single_nb_execution
    executenb(
  File "/home/arc/miniconda3/envs/real-valued-acs-system/lib/python3.9/site-packages/nbclient/client.py", line 1093, in execute
    return NotebookClient(nb=nb, resources=resources, km=km, **kwargs).execute()
  File "/home/arc/miniconda3/envs/real-valued-acs-system/lib/python3.9/site-packages/nbclient/util.py", line 84, in wrapped
    return just_run(coro(*args, **kwargs))
  File "/home/arc/miniconda3/envs/real-valued-acs-system/lib/python3.9/site-packages/nbclient/util.py", line 62, in just_run
    return loop.run_until_complete(coro)
  File "/home/arc/miniconda3/envs/real-valued-acs-system/lib/python3.9/asyncio/base_events.py", line 642, in run_until_complete
    return future.result()
  File "/home/arc/miniconda3/envs/real-valued-acs-system/lib/python3.9/site-packages/nbclient/client.py", line 559, in async_execute
    await self.async_execute_cell(
  File "/home/arc/miniconda3/envs/real-valued-acs-system/lib/python3.9/site-packages/nbclient/client.py", line 854, in async_execute_cell
    self._check_raise_for_error(cell, exec_reply)
  File "/home/arc/miniconda3/envs/real-valued-acs-system/lib/python3.9/site-packages/nbclient/client.py", line 756, in _check_raise_for_error
    raise CellExecutionError.from_cell_and_msg(cell, exec_reply_content)
nbclient.exceptions.CellExecutionError: An error occurred while executing the following cell:
------------------
# Fixing random state for reproducibility
np.random.seed(19680801)

N = 10
data = [np.logspace(0, 1, 100) + np.random.randn(100) + ii for ii in range(N)]
data = np.array(data).T
cmap = plt.cm.coolwarm
rcParams['axes.prop_cycle'] = cycler(color=cmap(np.linspace(0, 1, N)))


from matplotlib.lines import Line2D
custom_lines = [Line2D([0], [0], color=cmap(0.), lw=4),
                Line2D([0], [0], color=cmap(.5), lw=4),
                Line2D([0], [0], color=cmap(1.), lw=4)]

fig, ax = plt.subplots(figsize=(10, 5))
lines = ax.plot(data)
ax.legend(custom_lines, ['Colder', 'Medium', 'Hotter']);

plt.savefig(f'{plot_dir}/plot.pdf', transparent=False, bbox_inches='tight')
------------------

[0;31m---------------------------------------------------------------------------[0m
[0;31mFileNotFoundError[0m                         Traceback (most recent call last)
[0;32m/tmp/ipykernel_936975/3314067433.py[0m in [0;36m<module>[0;34m[0m
[1;32m     18[0m [0max[0m[0;34m.[0m[0mlegend[0m[0;34m([0m[0mcustom_lines[0m[0;34m,[0m [0;34m[[0m[0;34m'Colder'[0m[0;34m,[0m [0;34m'Medium'[0m[0;34m,[0m [0;34m'Hotter'[0m[0;34m][0m[0;34m)[0m[0;34m;[0m[0;34m[0m[0;34m[0m[0m
[1;32m     19[0m [0;34m[0m[0m
[0;32m---> 20[0;31m [0mplt[0m[0;34m.[0m[0msavefig[0m[0;34m([0m[0;34mf'{plot_dir}/plot.pdf'[0m[0;34m,[0m [0mtransparent[0m[0;34m=[0m[0;32mFalse[0m[0;34m,[0m [0mbbox_inches[0m[0;34m=[0m[0;34m'tight'[0m[0;34m)[0m[0;34m[0m[0;34m[0m[0m
[0m
[0;32m~/miniconda3/envs/real-valued-acs-system/lib/python3.9/site-packages/matplotlib/pyplot.py[0m in [0;36msavefig[0;34m(*args, **kwargs)[0m
[1;32m    956[0m [0;32mdef[0m [0msavefig[0m[0;34m([0m[0;34m*[0m[0margs[0m[0;34m,[0m [0;34m**[0m[0mkwargs[0m[0;34m)[0m[0;34m:[0m[0;34m[0m[0;34m[0m[0m
[1;32m    957[0m     [0mfig[0m [0;34m=[0m [0mgcf[0m[0;34m([0m[0;34m)[0m[0;34m[0m[0;34m[0m[0m
[0;32m--> 958[0;31m     [0mres[0m [0;34m=[0m [0mfig[0m[0;34m.[0m[0msavefig[0m[0;34m([0m[0;34m*[0m[0margs[0m[0;34m,[0m [0;34m**[0m[0mkwargs[0m[0;34m)[0m[0;34m[0m[0;34m[0m[0m
[0m[1;32m    959[0m     [0mfig[0m[0;34m.[0m[0mcanvas[0m[0;34m.[0m[0mdraw_idle[0m[0;34m([0m[0;34m)[0m   [0;31m# need this if 'transparent=True' to reset colors[0m[0;34m[0m[0;34m[0m[0m
[1;32m    960[0m     [0;32mreturn[0m [0mres[0m[0;34m[0m[0;34m[0m[0m

[0;32m~/miniconda3/envs/real-valued-acs-system/lib/python3.9/site-packages/matplotlib/figure.py[0m in [0;36msavefig[0;34m(self, fname, transparent, **kwargs)[0m
[1;32m   3017[0m                         ax.patch._cm_set(facecolor='none', edgecolor='none'))
[1;32m   3018[0m [0;34m[0m[0m
[0;32m-> 3019[0;31m             [0mself[0m[0;34m.[0m[0mcanvas[0m[0;34m.[0m[0mprint_figure[0m[0;34m([0m[0mfname[0m[0;34m,[0m [0;34m**[0m[0mkwargs[0m[0;34m)[0m[0;34m[0m[0;34m[0m[0m
[0m[1;32m   3020[0m [0;34m[0m[0m
[1;32m   3021[0m     def ginput(self, n=1, timeout=30, show_clicks=True,

[0;32m~/miniconda3/envs/real-valued-acs-system/lib/python3.9/site-packages/matplotlib/backend_bases.py[0m in [0;36mprint_figure[0;34m(self, filename, dpi, facecolor, edgecolor, orientation, format, bbox_inches, pad_inches, bbox_extra_artists, backend, **kwargs)[0m
[1;32m   2317[0m                 [0;31m# force the figure dpi to 72), so we need to set it again here.[0m[0;34m[0m[0;34m[0m[0m
[1;32m   2318[0m                 [0;32mwith[0m [0mcbook[0m[0;34m.[0m[0m_setattr_cm[0m[0;34m([0m[0mself[0m[0;34m.[0m[0mfigure[0m[0;34m,[0m [0mdpi[0m[0;34m=[0m[0mdpi[0m[0;34m)[0m[0;34m:[0m[0;34m[0m[0;34m[0m[0m
[0;32m-> 2319[0;31m                     result = print_method(
[0m[1;32m   2320[0m                         [0mfilename[0m[0;34m,[0m[0;34m[0m[0;34m[0m[0m
[1;32m   2321[0m                         [0mfacecolor[0m[0;34m=[0m[0mfacecolor[0m[0;34m,[0m[0;34m[0m[0;34m[0m[0m

[0;32m~/miniconda3/envs/real-valued-acs-system/lib/python3.9/site-packages/matplotlib/backend_bases.py[0m in [0;36mwrapper[0;34m(*args, **kwargs)[0m
[1;32m   1646[0m             [0mkwargs[0m[0;34m.[0m[0mpop[0m[0;34m([0m[0marg[0m[0;34m)[0m[0;34m[0m[0;34m[0m[0m
[1;32m   1647[0m [0;34m[0m[0m
[0;32m-> 1648[0;31m         [0;32mreturn[0m [0mfunc[0m[0;34m([0m[0;34m*[0m[0margs[0m[0;34m,[0m [0;34m**[0m[0mkwargs[0m[0;34m)[0m[0;34m[0m[0;34m[0m[0m
[0m[1;32m   1649[0m [0;34m[0m[0m
[1;32m   1650[0m     [0;32mreturn[0m [0mwrapper[0m[0;34m[0m[0;34m[0m[0m

[0;32m~/miniconda3/envs/real-valued-acs-system/lib/python3.9/site-packages/matplotlib/_api/deprecation.py[0m in [0;36mwrapper[0;34m(*inner_args, **inner_kwargs)[0m
[1;32m    384[0m             [0;31m# Early return in the simple, non-deprecated case (much faster than[0m[0;34m[0m[0;34m[0m[0m
[1;32m    385[0m             [0;31m# calling bind()).[0m[0;34m[0m[0;34m[0m[0m
[0;32m--> 386[0;31m             [0;32mreturn[0m [0mfunc[0m[0;34m([0m[0;34m*[0m[0minner_args[0m[0;34m,[0m [0;34m**[0m[0minner_kwargs[0m[0;34m)[0m[0;34m[0m[0;34m[0m[0m
[0m[1;32m    387[0m         [0marguments[0m [0;34m=[0m [0msignature[0m[0;34m.[0m[0mbind[0m[0;34m([0m[0;34m*[0m[0minner_args[0m[0;34m,[0m [0;34m**[0m[0minner_kwargs[0m[0;34m)[0m[0;34m.[0m[0marguments[0m[0;34m[0m[0;34m[0m[0m
[1;32m    388[0m         [0;32mif[0m [0mis_varargs[0m [0;32mand[0m [0marguments[0m[0;34m.[0m[0mget[0m[0;34m([0m[0mname[0m[0;34m)[0m[0;34m:[0m[0;34m[0m[0;34m[0m[0m

[0;32m~/miniconda3/envs/real-valued-acs-system/lib/python3.9/site-packages/matplotlib/backends/backend_pdf.py[0m in [0;36mprint_pdf[0;34m(self, filename, dpi, bbox_inches_restore, metadata)[0m
[1;32m   2776[0m             [0mfile[0m [0;34m=[0m [0mfilename[0m[0;34m.[0m[0m_file[0m[0;34m[0m[0;34m[0m[0m
[1;32m   2777[0m         [0;32melse[0m[0;34m:[0m[0;34m[0m[0;34m[0m[0m
[0;32m-> 2778[0;31m             [0mfile[0m [0;34m=[0m [0mPdfFile[0m[0;34m([0m[0mfilename[0m[0;34m,[0m [0mmetadata[0m[0;34m=[0m[0mmetadata[0m[0;34m)[0m[0;34m[0m[0;34m[0m[0m
[0m[1;32m   2779[0m         [0;32mtry[0m[0;34m:[0m[0;34m[0m[0;34m[0m[0m
[1;32m   2780[0m             [0mfile[0m[0;34m.[0m[0mnewPage[0m[0;34m([0m[0mwidth[0m[0;34m,[0m [0mheight[0m[0;34m)[0m[0;34m[0m[0;34m[0m[0m

[0;32m~/miniconda3/envs/real-valued-acs-system/lib/python3.9/site-packages/matplotlib/backends/backend_pdf.py[0m in [0;36m__init__[0;34m(self, filename, metadata)[0m
[1;32m    652[0m         [0mself[0m[0;34m.[0m[0moriginal_file_like[0m [0;34m=[0m [0;32mNone[0m[0;34m[0m[0;34m[0m[0m
[1;32m    653[0m         [0mself[0m[0;34m.[0m[0mtell_base[0m [0;34m=[0m [0;36m0[0m[0;34m[0m[0;34m[0m[0m
[0;32m--> 654[0;31m         [0mfh[0m[0;34m,[0m [0mopened[0m [0;34m=[0m [0mcbook[0m[0;34m.[0m[0mto_filehandle[0m[0;34m([0m[0mfilename[0m[0;34m,[0m [0;34m"wb"[0m[0;34m,[0m [0mreturn_opened[0m[0;34m=[0m[0;32mTrue[0m[0;34m)[0m[0;34m[0m[0;34m[0m[0m
[0m[1;32m    655[0m         [0;32mif[0m [0;32mnot[0m [0mopened[0m[0;34m:[0m[0;34m[0m[0;34m[0m[0m
[1;32m    656[0m             [0;32mtry[0m[0;34m:[0m[0;34m[0m[0;34m[0m[0m

[0;32m~/miniconda3/envs/real-valued-acs-system/lib/python3.9/site-packages/matplotlib/cbook/__init__.py[0m in [0;36mto_filehandle[0;34m(fname, flag, return_opened, encoding)[0m
[1;32m    449[0m             [0mfh[0m [0;34m=[0m [0mbz2[0m[0;34m.[0m[0mBZ2File[0m[0;34m([0m[0mfname[0m[0;34m,[0m [0mflag[0m[0;34m)[0m[0;34m[0m[0;34m[0m[0m
[1;32m    450[0m         [0;32melse[0m[0;34m:[0m[0;34m[0m[0;34m[0m[0m
[0;32m--> 451[0;31m             [0mfh[0m [0;34m=[0m [0mopen[0m[0;34m([0m[0mfname[0m[0;34m,[0m [0mflag[0m[0;34m,[0m [0mencoding[0m[0;34m=[0m[0mencoding[0m[0;34m)[0m[0;34m[0m[0;34m[0m[0m
[0m[1;32m    452[0m         [0mopened[0m [0;34m=[0m [0;32mTrue[0m[0;34m[0m[0;34m[0m[0m
[1;32m    453[0m     [0;32melif[0m [0mhasattr[0m[0;34m([0m[0mfname[0m[0;34m,[0m [0;34m'seek'[0m[0;34m)[0m[0;34m:[0m[0;34m[0m[0;34m[0m[0m

[0;31mFileNotFoundError[0m: [Errno 2] No such file or directory: '/home/arc/Projects/pwr/phd/book/chapters/5_diminishing_reward/plots/plot.pdf'
FileNotFoundError: [Errno 2] No such file or directory: '/home/arc/Projects/pwr/phd/book/chapters/5_diminishing_reward/plots/plot.pdf'

